<?xml version="1.0" encoding="UTF-8"?>
<testsuite xmlns:xsi="http://www.w3.org/2001/XMLSchema-instance" xsi:noNamespaceSchemaLocation="https://maven.apache.org/surefire/maven-surefire-plugin/xsd/surefire-test-report.xsd" name="br.ufscar.dc.compiladores.mal.AppTest" time="0.067" tests="1" errors="0" skipped="0" failures="0">
  <properties>
    <property name="sun.desktop" value="windows"/>
    <property name="awt.toolkit" value="sun.awt.windows.WToolkit"/>
    <property name="java.specification.version" value="11"/>
    <property name="sun.cpu.isalist" value="amd64"/>
    <property name="sun.jnu.encoding" value="Cp1252"/>
    <property name="java.class.path" value="C:\Users\fehie\OneDrive\Área de Trabalho\Faculdade\Compiladores\t3\t4-compila-dores\t6-compila_dores\mal\target\test-classes;C:\Users\fehie\OneDrive\Área de Trabalho\Faculdade\Compiladores\t3\t4-compila-dores\t6-compila_dores\mal\target\classes;C:\Users\fehie\.m2\repository\junit\junit\4.11\junit-4.11.jar;C:\Users\fehie\.m2\repository\org\hamcrest\hamcrest-core\1.3\hamcrest-core-1.3.jar;C:\Users\fehie\.m2\repository\org\antlr\antlr4\4.11.1\antlr4-4.11.1-complete.jar;C:\Users\fehie\.m2\repository\org\antlr\antlr4-runtime\4.11.1\antlr4-runtime-4.11.1.jar;C:\Users\fehie\.m2\repository\org\antlr\antlr-runtime\3.5.3\antlr-runtime-3.5.3.jar;C:\Users\fehie\.m2\repository\org\antlr\ST4\4.3.4\ST4-4.3.4.jar;C:\Users\fehie\.m2\repository\org\abego\treelayout\org.abego.treelayout.core\1.0.3\org.abego.treelayout.core-1.0.3.jar;C:\Users\fehie\.m2\repository\org\glassfish\javax.json\1.1.4\javax.json-1.1.4.jar;C:\Users\fehie\.m2\repository\com\ibm\icu\icu4j\71.1\icu4j-71.1.jar;"/>
    <property name="java.vm.vendor" value="OpenLogic"/>
    <property name="sun.arch.data.model" value="64"/>
    <property name="user.variant" value=""/>
    <property name="java.vendor.url" value="https://openlogic.com/"/>
    <property name="user.timezone" value="America/Sao_Paulo"/>
    <property name="java.vm.specification.version" value="11"/>
    <property name="os.name" value="Windows 10"/>
    <property name="sun.java.launcher" value="SUN_STANDARD"/>
    <property name="user.country" value="BR"/>
    <property name="sun.boot.library.path" value="C:\Program Files\OpenLogic\jdk-11.0.19.7-hotspot\bin"/>
    <property name="sun.java.command" value="C:\Users\fehie\AppData\Local\Temp\surefire13257450564948267016\surefirebooter10754373500510077550.jar C:\Users\fehie\AppData\Local\Temp\surefire13257450564948267016 2023-09-03T20-06-22_458-jvmRun1 surefire2731227396529581340tmp surefire_0322254770517175008tmp"/>
    <property name="jdk.debug" value="release"/>
    <property name="surefire.test.class.path" value="C:\Users\fehie\OneDrive\Área de Trabalho\Faculdade\Compiladores\t3\t4-compila-dores\t6-compila_dores\mal\target\test-classes;C:\Users\fehie\OneDrive\Área de Trabalho\Faculdade\Compiladores\t3\t4-compila-dores\t6-compila_dores\mal\target\classes;C:\Users\fehie\.m2\repository\junit\junit\4.11\junit-4.11.jar;C:\Users\fehie\.m2\repository\org\hamcrest\hamcrest-core\1.3\hamcrest-core-1.3.jar;C:\Users\fehie\.m2\repository\org\antlr\antlr4\4.11.1\antlr4-4.11.1-complete.jar;C:\Users\fehie\.m2\repository\org\antlr\antlr4-runtime\4.11.1\antlr4-runtime-4.11.1.jar;C:\Users\fehie\.m2\repository\org\antlr\antlr-runtime\3.5.3\antlr-runtime-3.5.3.jar;C:\Users\fehie\.m2\repository\org\antlr\ST4\4.3.4\ST4-4.3.4.jar;C:\Users\fehie\.m2\repository\org\abego\treelayout\org.abego.treelayout.core\1.0.3\org.abego.treelayout.core-1.0.3.jar;C:\Users\fehie\.m2\repository\org\glassfish\javax.json\1.1.4\javax.json-1.1.4.jar;C:\Users\fehie\.m2\repository\com\ibm\icu\icu4j\71.1\icu4j-71.1.jar;"/>
    <property name="sun.cpu.endian" value="little"/>
    <property name="user.home" value="C:\Users\fehie"/>
    <property name="user.language" value="pt"/>
    <property name="java.specification.vendor" value="Oracle Corporation"/>
    <property name="java.version.date" value="2023-04-18"/>
    <property name="java.home" value="C:\Program Files\OpenLogic\jdk-11.0.19.7-hotspot"/>
    <property name="file.separator" value="\"/>
    <property name="basedir" value="C:\Users\fehie\OneDrive\Área de Trabalho\Faculdade\Compiladores\t3\t4-compila-dores\t6-compila_dores\mal"/>
    <property name="java.vm.compressedOopsMode" value="Zero based"/>
    <property name="line.separator" value="&#10;"/>
    <property name="java.specification.name" value="Java Platform API Specification"/>
    <property name="java.vm.specification.vendor" value="Oracle Corporation"/>
    <property name="java.awt.graphicsenv" value="sun.awt.Win32GraphicsEnvironment"/>
    <property name="surefire.real.class.path" value="C:\Users\fehie\AppData\Local\Temp\surefire13257450564948267016\surefirebooter10754373500510077550.jar"/>
    <property name="user.script" value=""/>
    <property name="sun.management.compiler" value="HotSpot 64-Bit Tiered Compilers"/>
    <property name="java.runtime.version" value="11.0.19+7-adhoc..jdk11u"/>
    <property name="user.name" value="fehie"/>
    <property name="path.separator" value=";"/>
    <property name="os.version" value="10.0"/>
    <property name="java.runtime.name" value="OpenJDK Runtime Environment"/>
    <property name="file.encoding" value="Cp1252"/>
    <property name="java.vm.name" value="OpenJDK 64-Bit Server VM"/>
    <property name="java.vendor.version" value="OpenLogic-OpenJDK"/>
    <property name="localRepository" value="C:\Users\fehie\.m2\repository"/>
    <property name="java.vendor.url.bug" value="https://techsupport.roguewave.com/"/>
    <property name="java.io.tmpdir" value="C:\Users\fehie\AppData\Local\Temp\"/>
    <property name="java.version" value="11.0.19"/>
    <property name="user.dir" value="C:\Users\fehie\OneDrive\Área de Trabalho\Faculdade\Compiladores\t3\t4-compila-dores\t6-compila_dores\mal"/>
    <property name="os.arch" value="amd64"/>
    <property name="java.vm.specification.name" value="Java Virtual Machine Specification"/>
    <property name="java.awt.printerjob" value="sun.awt.windows.WPrinterJob"/>
    <property name="sun.os.patch.level" value=""/>
    <property name="java.library.path" value="C:\Program Files\OpenLogic\jdk-11.0.19.7-hotspot\bin;C:\WINDOWS\Sun\Java\bin;C:\WINDOWS\system32;C:\WINDOWS;C:\Program Files\OpenLogic\jdk-11.0.19.7-hotspot\bin;C:\Program Files (x86)\Common Files\Oracle\Java\javapath;C:\WINDOWS\system32;C:\WINDOWS;C:\WINDOWS\System32\Wbem;C:\WINDOWS\System32\WindowsPowerShell\v1.0\;C:\WINDOWS\System32\OpenSSH\;C:\Program Files\dotnet\;C:\Program Files (x86)\Calibre2\;C:\ProgramData\chocolatey\bin;C:\Users\fehie\AppData\Roaming\nvm;C:\Program Files\nodejs;C:\Program Files\Git\cmd;C:\Program Files\NVIDIA Corporation\NVIDIA NvDLISR;C:\Program Files (x86)\NVIDIA Corporation\PhysX\Common;C:\Program Files (x86)\dotnet\;C:\Program Files\MongoDB\Server\6.0\bin;C:\antlr;C:\Program Files\Maven\apache-maven-3.9.2\bin;C:\MinGW\bin;C:\Users\fehie\AppData\Roaming\npm;C:\Program Files\Docker\Docker\resources\bin;C:\Users\fehie\AppData\Local\Programs\Python\Python311\Scripts\;C:\Users\fehie\AppData\Local\Programs\Python\Python311\;C:\Users\fehie\OneDrive\Área de Trabalho\program+\mongosh-1.8.2-win32-x64\bin;C:\Users\fehie\AppData\Local\Programs\Microsoft VS Code\bin;C:\Users\fehie\AppData\Local\GitHubDesktop\bin;C:\Users\fehie\AppData\Roaming\npm;C:\Users\fehie\AppData\Roaming\nvm;C:\Program Files\nodejs;C:\Users\fehie\AppData\Roaming\nvm\v18.6.0;C:\Users\fehie\AppData\Roaming\nvm;C:\Program Files\heroku\bin;C:\Program Files\MongoDB\Server\6.0\bin;C:\Program Files\PostgreSQL\15\bin;;."/>
    <property name="java.vm.info" value="mixed mode"/>
    <property name="java.vendor" value="OpenLogic"/>
    <property name="java.vm.version" value="11.0.19+7-adhoc..jdk11u"/>
    <property name="sun.io.unicode.encoding" value="UnicodeLittle"/>
    <property name="java.class.version" value="55.0"/>
  </properties>
  <testcase name="shouldAnswerWithTrue" classname="br.ufscar.dc.compiladores.mal.AppTest" time="0.002"/>
</testsuite>